<?xml version="1.0" encoding="UTF-8"?>
<testsuite name="ParserTest" tests="7" skipped="0" failures="0" errors="0" timestamp="2022-10-04T09:47:13" hostname="LAPTOP-2PRBO0SK" time="0.039">
  <properties/>
  <testcase name="incorrectTypeTest()" classname="ParserTest" time="0.027"/>
  <testcase name="incorrectVariableTest()" classname="ParserTest" time="0.002"/>
  <testcase name="emptyTest()" classname="ParserTest" time="0.002"/>
  <testcase name="multiplyTypeTest()" classname="ParserTest" time="0.002"/>
  <testcase name="multiplyVariableTest()" classname="ParserTest" time="0.001"/>
  <testcase name="oneVariableTest()" classname="ParserTest" time="0.0"/>
  <testcase name="commaOrEOLMissTest()" classname="ParserTest" time="0.002"/>
  <system-out><![CDATA[]]></system-out>
  <system-err><![CDATA[]]></system-err>
</testsuite>
